<?xml version="1.0" encoding="UTF-8"?>
<!-- Generated by org.testng.reporters.JUnitReportReporter -->
<testsuite skipped="0" hostname="Vildans-Mac.local" name="tests.LoginParallelTest" tests="3" failures="0" timestamp="2021-03-20T12:09:57 EDT" time="57.647" errors="0">
  <testcase name="createContactTest" time="15.434" classname="tests.LoginParallelTest"/>
  <system-out/>
  <testcase name="createContactTest" time="16.967" classname="tests.LoginParallelTest"/>
  <system-out/>
  <testcase name="createContactTest" time="25.246" classname="tests.LoginParallelTest"/>
  <system-out/>
</testsuite> <!-- tests.LoginParallelTest -->
