<?xml version="1.0" encoding="UTF-8"?>
<!-- Generated by org.testng.reporters.JUnitReportReporter -->
<testsuite skipped="0" hostname="Vildans-Mac.local" name="tests.MainPageTest" tests="1" failures="0" timestamp="2021-03-12T21:10:19 EST" time="20.783" errors="0">
  <testcase name="flexiblePackage" time="20.783" classname="tests.MainPageTest"/>
  <system-out/>
</testsuite> <!-- tests.MainPageTest -->
