<?xml version="1.0" encoding="UTF-8"?>
<!-- Generated by org.testng.reporters.JUnitReportReporter -->
<testsuite skipped="1" hostname="Vildans-Mac.local" name="tests.LoginPageTest" tests="2" failures="0" timestamp="2021-03-12T20:57:43 EST" time="20.007" errors="0">
  <testcase name="flexiblePackage" time="20.007" classname="tests.LoginPageTest"/>
  <system-out/>
  <testcase name="testLogin" classname="tests.LoginPageTest">
    <skipped/>
  </testcase> <!-- testLogin -->
  <system-out/>
</testsuite> <!-- tests.LoginPageTest -->
